<testsuite tests="36" failures="0" errors="0" time="0" name="D:\TU-DA\JavaWorkspace\Animal\Documentation\UserDoc\output\index.html">
  <testcase assertions="3" time="0" name="Duplicate Definition of id Check" />
  <testcase assertions="17" time="0" name="Broken Internal Links Check" />
  <testcase assertions="0" time="0" name="Consistency of ImageMaps" />
  <testcase assertions="0" time="0" name="Missing Local Images Check" />
  <testcase assertions="1" time="0" name="External Links Check" />
  <testcase assertions="0" time="0" name="Missing alt-attribute declaration in image tags" />
  <testcase assertions="15" time="0" name="Missing Local Resources Check" />
</testsuite>